{'_name': None, 'common': {'_name': None, 'no_progress_bar': False, 'log_interval': 100, 'log_format': 'json', 'log_file': '/home/junkaiwu/ECE537_Final_Project/text2unit_fairseq/outputs/transformer_wmt_en_de-dataset_libritts_train-clean-100_hubert200-dropout_0.3-max_tokens_8192-share/train.log', 'aim_repo': None, 'aim_run_hash': None, 'tensorboard_logdir': None, 'wandb_project': None, 'azureml_logging': False, 'seed': 1, 'cpu': False, 'tpu': False, 'bf16': False, 'memory_efficient_bf16': False, 'fp16': True, 'memory_efficient_fp16': False, 'fp16_no_flatten_grads': False, 'fp16_init_scale': 128, 'fp16_scale_window': None, 'fp16_scale_tolerance': 0.0, 'on_cpu_convert_precision': False, 'min_loss_scale': 0.0001, 'threshold_loss_scale': None, 'amp': False, 'amp_batch_retries': 2, 'amp_init_scale': 128, 'amp_scale_window': None, 'user_dir': None, 'empty_cache_freq': 0, 'all_gather_list_size': 16384, 'model_parallel_size': 1, 'quantization_config_path': None, 'profile': False, 'reset_logging': False, 'suppress_crashes': False, 'use_plasma_view': False, 'plasma_path': '/tmp/plasma'}, 'common_eval': {'_name': None, 'path': None, 'post_process': None, 'quiet': False, 'model_overrides': '{}', 'results_path': None}, 'distributed_training': {'_name': None, 'distributed_world_size': 4, 'distributed_num_procs': 4, 'distributed_rank': 0, 'distributed_backend': 'nccl', 'distributed_init_method': 'tcp://localhost:18740', 'distributed_port': -1, 'device_id': 0, 'distributed_no_spawn': False, 'ddp_backend': 'pytorch_ddp', 'ddp_comm_hook': 'none', 'bucket_cap_mb': 25, 'fix_batches_to_gpus': False, 'find_unused_parameters': False, 'gradient_as_bucket_view': False, 'fast_stat_sync': False, 'heartbeat_timeout': -1, 'broadcast_buffers': False, 'slowmo_momentum': None, 'slowmo_base_algorithm': 'localsgd', 'localsgd_frequency': 3, 'nprocs_per_node': 4, 'pipeline_model_parallel': False, 'pipeline_balance': None, 'pipeline_devices': None, 'pipeline_chunks': 0, 'pipeline_encoder_balance': None, 'pipeline_encoder_devices': None, 'pipeline_decoder_balance': None, 'pipeline_decoder_devices': None, 'pipeline_checkpoint': 'never', 'zero_sharding': 'none', 'fp16': True, 'memory_efficient_fp16': False, 'tpu': False, 'no_reshard_after_forward': False, 'fp32_reduce_scatter': False, 'cpu_offload': False, 'use_sharded_state': False, 'not_fsdp_flatten_parameters': False}, 'dataset': {'_name': None, 'num_workers': 1, 'skip_invalid_size_inputs_valid_test': False, 'max_tokens': 8192, 'batch_size': None, 'required_batch_size_multiple': 8, 'required_seq_len_multiple': 1, 'dataset_impl': None, 'data_buffer_size': 10, 'train_subset': 'train', 'valid_subset': 'valid', 'combine_valid_subsets': None, 'ignore_unused_valid_subsets': False, 'validate_interval': 99999, 'validate_interval_updates': 0, 'validate_after_updates': 0, 'fixed_validation_seed': None, 'disable_validation': False, 'max_tokens_valid': 8192, 'batch_size_valid': None, 'max_valid_steps': None, 'curriculum': 0, 'gen_subset': 'test', 'num_shards': 1, 'shard_id': 0, 'grouped_shuffling': False, 'update_epoch_batch_itr': False, 'update_ordered_indices_seed': False}, 'optimization': {'_name': None, 'max_epoch': 5, 'max_update': 0, 'stop_time_hours': 0.0, 'clip_norm': 0.0, 'sentence_avg': False, 'update_freq': [1], 'lr': [0.0001], 'stop_min_lr': -1.0, 'use_bmuf': False, 'skip_remainder_batch': False}, 'checkpoint': {'_name': None, 'save_dir': '/home/junkaiwu/ECE537_Final_Project/text2unit_fairseq/outputs/transformer_wmt_en_de-dataset_libritts_train-clean-100_hubert200-dropout_0.3-max_tokens_8192-share', 'restore_file': 'checkpoint_last.pt', 'continue_once': None, 'finetune_from_model': None, 'reset_dataloader': False, 'reset_lr_scheduler': False, 'reset_meters': False, 'reset_optimizer': False, 'optimizer_overrides': '{}', 'save_interval': 1, 'save_interval_updates': 0, 'keep_interval_updates': -1, 'keep_interval_updates_pattern': -1, 'keep_last_epochs': -1, 'keep_best_checkpoints': -1, 'no_save': False, 'no_epoch_checkpoints': False, 'no_last_checkpoints': False, 'no_save_optimizer_state': False, 'best_checkpoint_metric': 'loss', 'maximize_best_checkpoint_metric': False, 'patience': -1, 'checkpoint_suffix': '', 'checkpoint_shard_count': 1, 'load_checkpoint_on_all_dp_ranks': False, 'write_checkpoints_asynchronously': False, 'model_parallel_size': 1}, 'bmuf': {'_name': None, 'block_lr': 1.0, 'block_momentum': 0.875, 'global_sync_iter': 50, 'warmup_iterations': 500, 'use_nbm': False, 'average_sync': False, 'distributed_world_size': 4}, 'generation': {'_name': None, 'beam': 5, 'nbest': 1, 'max_len_a': 0.0, 'max_len_b': 200, 'min_len': 1, 'match_source_len': False, 'unnormalized': False, 'no_early_stop': False, 'no_beamable_mm': False, 'lenpen': 1.0, 'unkpen': 0.0, 'replace_unk': None, 'sacrebleu': False, 'score_reference': False, 'prefix_size': 0, 'no_repeat_ngram_size': 0, 'sampling': False, 'sampling_topk': -1, 'sampling_topp': -1.0, 'constraints': None, 'temperature': 1.0, 'diverse_beam_groups': -1, 'diverse_beam_strength': 0.5, 'diversity_rate': -1.0, 'print_alignment': None, 'print_step': False, 'lm_path': None, 'lm_weight': 0.0, 'iter_decode_eos_penalty': 0.0, 'iter_decode_max_iter': 10, 'iter_decode_force_max_iter': False, 'iter_decode_with_beam': 1, 'iter_decode_with_external_reranker': False, 'retain_iter_history': False, 'retain_dropout': False, 'retain_dropout_modules': None, 'decoding_format': None, 'no_seed_provided': False, 'eos_token': None}, 'eval_lm': {'_name': None, 'output_word_probs': False, 'output_word_stats': False, 'context_window': 0, 'softmax_batch': 9223372036854775807}, 'interactive': {'_name': None, 'buffer_size': 0, 'input': '-'}, 'model': Namespace(_name='transformer_wmt_en_de', activation_dropout=0.0, activation_fn='relu', adam_betas='(0.9, 0.98)', adam_eps=1e-08, adaptive_input=False, adaptive_softmax_cutoff=None, adaptive_softmax_dropout=0, aim_repo=None, aim_run_hash=None, all_gather_list_size=16384, amp=False, amp_batch_retries=2, amp_init_scale=128, amp_scale_window=None, arch='transformer_wmt_en_de', attention_dropout=0.0, azureml_logging=False, batch_size=None, batch_size_valid=None, best_checkpoint_metric='loss', bf16=False, bpe=None, broadcast_buffers=False, bucket_cap_mb=25, checkpoint_activations=False, checkpoint_shard_count=1, checkpoint_suffix='', clip_norm=0.0, combine_valid_subsets=None, continue_once=None, cpu=False, cpu_offload=False, criterion='label_smoothed_cross_entropy', cross_self_attention=False, curriculum=0, data='/home/junkaiwu/ECE537_Final_Project/text2unit_fairseq/data-bin/libritts_train-clean-100_hubert200', data_buffer_size=10, dataset_impl=None, ddp_backend='pytorch_ddp', ddp_comm_hook='none', decoder_attention_heads=8, decoder_embed_dim=512, decoder_embed_path=None, decoder_ffn_embed_dim=2048, decoder_input_dim=512, decoder_layerdrop=0, decoder_layers=6, decoder_layers_to_keep=None, decoder_learned_pos=False, decoder_normalize_before=False, decoder_output_dim=512, device_id=0, disable_validation=False, distributed_backend='nccl', distributed_init_method=None, distributed_no_spawn=False, distributed_num_procs=4, distributed_port=-1, distributed_rank=0, distributed_world_size=4, dropout=0.3, ema_decay=0.9999, ema_fp32=False, ema_seed_model=None, ema_start_update=0, ema_update_freq=1, empty_cache_freq=0, encoder_attention_heads=8, encoder_embed_dim=512, encoder_embed_path=None, encoder_ffn_embed_dim=2048, encoder_layerdrop=0, encoder_layers=6, encoder_layers_to_keep=None, encoder_learned_pos=False, encoder_normalize_before=False, eos=2, eval_bleu=False, eval_bleu_args='{}', eval_bleu_detok='space', eval_bleu_detok_args='{}', eval_bleu_print_samples=False, eval_bleu_remove_bpe=None, eval_tokenized_bleu=False, fast_stat_sync=False, find_unused_parameters=False, finetune_from_model=None, fix_batches_to_gpus=False, fixed_validation_seed=None, fp16=True, fp16_adam_stats=False, fp16_init_scale=128, fp16_no_flatten_grads=False, fp16_scale_tolerance=0.0, fp16_scale_window=None, fp32_reduce_scatter=False, gen_subset='test', gradient_as_bucket_view=False, grouped_shuffling=False, heartbeat_timeout=-1, ignore_prefix_size=0, ignore_unused_valid_subsets=False, keep_best_checkpoints=-1, keep_interval_updates=-1, keep_interval_updates_pattern=-1, keep_last_epochs=-1, label_smoothing=0.1, layernorm_embedding=False, left_pad_source=True, left_pad_target=False, load_alignments=False, load_checkpoint_on_all_dp_ranks=False, localsgd_frequency=3, log_file='/home/junkaiwu/ECE537_Final_Project/text2unit_fairseq/outputs/transformer_wmt_en_de-dataset_libritts_train-clean-100_hubert200-dropout_0.3-max_tokens_8192-share/train.log', log_format='json', log_interval=100, lr=[0.0001], lr_scheduler='inverse_sqrt', max_epoch=5, max_tokens=8192, max_tokens_valid=8192, max_update=0, max_valid_steps=None, maximize_best_checkpoint_metric=False, memory_efficient_bf16=False, memory_efficient_fp16=False, min_loss_scale=0.0001, model_parallel_size=1, no_cross_attention=False, no_epoch_checkpoints=False, no_last_checkpoints=False, no_progress_bar=False, no_reshard_after_forward=False, no_save=False, no_save_optimizer_state=False, no_scale_embedding=False, no_seed_provided=False, no_token_positional_embeddings=False, not_fsdp_flatten_parameters=False, nprocs_per_node=4, num_batch_buckets=0, num_shards=1, num_workers=1, offload_activations=False, on_cpu_convert_precision=False, optimizer='adam', optimizer_overrides='{}', pad=1, patience=-1, pipeline_balance=None, pipeline_checkpoint='never', pipeline_chunks=0, pipeline_decoder_balance=None, pipeline_decoder_devices=None, pipeline_devices=None, pipeline_encoder_balance=None, pipeline_encoder_devices=None, pipeline_model_parallel=False, plasma_path='/tmp/plasma', profile=False, quant_noise_pq=0, quant_noise_pq_block_size=8, quant_noise_scalar=0, quantization_config_path=None, report_accuracy=False, required_batch_size_multiple=8, required_seq_len_multiple=1, reset_dataloader=False, reset_logging=False, reset_lr_scheduler=False, reset_meters=False, reset_optimizer=False, restore_file='checkpoint_last.pt', save_dir='/home/junkaiwu/ECE537_Final_Project/text2unit_fairseq/outputs/transformer_wmt_en_de-dataset_libritts_train-clean-100_hubert200-dropout_0.3-max_tokens_8192-share', save_interval=1, save_interval_updates=0, scoring='bleu', seed=1, sentence_avg=False, shard_id=0, share_all_embeddings=False, share_decoder_input_output_embed=True, simul_type=None, skip_invalid_size_inputs_valid_test=False, skip_remainder_batch=False, slowmo_base_algorithm='localsgd', slowmo_momentum=None, source_lang=None, stop_min_lr=-1.0, stop_time_hours=0, store_ema=False, suppress_crashes=False, target_lang=None, task='translation', tensorboard_logdir=None, threshold_loss_scale=None, tie_adaptive_weights=False, tokenizer=None, tpu=False, train_subset='train', truncate_source=False, unk=3, update_epoch_batch_itr=False, update_freq=[1], update_ordered_indices_seed=False, upsample_primary=-1, use_bmuf=False, use_old_adam=False, use_plasma_view=False, use_sharded_state=False, user_dir=None, valid_subset='valid', validate_after_updates=0, validate_interval=99999, validate_interval_updates=0, wandb_project=None, warmup_init_lr=-1, warmup_updates=4000, weight_decay=0.0001, write_checkpoints_asynchronously=False, zero_sharding='none'), 'task': {'_name': 'translation', 'data': '/home/junkaiwu/ECE537_Final_Project/text2unit_fairseq/data-bin/libritts_train-clean-100_hubert200', 'source_lang': None, 'target_lang': None, 'load_alignments': False, 'left_pad_source': True, 'left_pad_target': False, 'max_source_positions': 1024, 'max_target_positions': 1024, 'upsample_primary': -1, 'truncate_source': False, 'num_batch_buckets': 0, 'train_subset': 'train', 'dataset_impl': None, 'required_seq_len_multiple': 1, 'eval_bleu': False, 'eval_bleu_args': '{}', 'eval_bleu_detok': 'space', 'eval_bleu_detok_args': '{}', 'eval_tokenized_bleu': False, 'eval_bleu_remove_bpe': None, 'eval_bleu_print_samples': False}, 'criterion': {'_name': 'label_smoothed_cross_entropy', 'label_smoothing': 0.1, 'report_accuracy': False, 'ignore_prefix_size': 0, 'sentence_avg': False}, 'optimizer': {'_name': 'adam', 'adam_betas': '(0.9, 0.98)', 'adam_eps': 1e-08, 'weight_decay': 0.0001, 'use_old_adam': False, 'fp16_adam_stats': False, 'tpu': False, 'lr': [0.0001]}, 'lr_scheduler': {'_name': 'inverse_sqrt', 'warmup_updates': 4000, 'warmup_init_lr': -1.0, 'lr': [0.0001]}, 'scoring': {'_name': 'bleu', 'pad': 1, 'eos': 2, 'unk': 3}, 'bpe': None, 'tokenizer': None, 'ema': {'_name': None, 'store_ema': False, 'ema_decay': 0.9999, 'ema_start_update': 0, 'ema_seed_model': None, 'ema_update_freq': 1, 'ema_fp32': False}, 'simul_type': None}
TransformerModel(
  (encoder): TransformerEncoderBase(
    (dropout_module): FairseqDropout()
    (embed_tokens): Embedding(72, 512, padding_idx=1)
    (embed_positions): SinusoidalPositionalEmbedding()
    (layers): ModuleList(
      (0): TransformerEncoderLayerBase(
        (self_attn): MultiheadAttention(
          (dropout_module): FairseqDropout()
          (k_proj): Linear(in_features=512, out_features=512, bias=True)
          (v_proj): Linear(in_features=512, out_features=512, bias=True)
          (q_proj): Linear(in_features=512, out_features=512, bias=True)
          (out_proj): Linear(in_features=512, out_features=512, bias=True)
        )
        (self_attn_layer_norm): LayerNorm((512,), eps=1e-05, elementwise_affine=True)
        (dropout_module): FairseqDropout()
        (activation_dropout_module): FairseqDropout()
        (fc1): Linear(in_features=512, out_features=2048, bias=True)
        (fc2): Linear(in_features=2048, out_features=512, bias=True)
        (final_layer_norm): LayerNorm((512,), eps=1e-05, elementwise_affine=True)
      )
      (1): TransformerEncoderLayerBase(
        (self_attn): MultiheadAttention(
          (dropout_module): FairseqDropout()
          (k_proj): Linear(in_features=512, out_features=512, bias=True)
          (v_proj): Linear(in_features=512, out_features=512, bias=True)
          (q_proj): Linear(in_features=512, out_features=512, bias=True)
          (out_proj): Linear(in_features=512, out_features=512, bias=True)
        )
        (self_attn_layer_norm): LayerNorm((512,), eps=1e-05, elementwise_affine=True)
        (dropout_module): FairseqDropout()
        (activation_dropout_module): FairseqDropout()
        (fc1): Linear(in_features=512, out_features=2048, bias=True)
        (fc2): Linear(in_features=2048, out_features=512, bias=True)
        (final_layer_norm): LayerNorm((512,), eps=1e-05, elementwise_affine=True)
      )
      (2): TransformerEncoderLayerBase(
        (self_attn): MultiheadAttention(
          (dropout_module): FairseqDropout()
          (k_proj): Linear(in_features=512, out_features=512, bias=True)
          (v_proj): Linear(in_features=512, out_features=512, bias=True)
          (q_proj): Linear(in_features=512, out_features=512, bias=True)
          (out_proj): Linear(in_features=512, out_features=512, bias=True)
        )
        (self_attn_layer_norm): LayerNorm((512,), eps=1e-05, elementwise_affine=True)
        (dropout_module): FairseqDropout()
        (activation_dropout_module): FairseqDropout()
        (fc1): Linear(in_features=512, out_features=2048, bias=True)
        (fc2): Linear(in_features=2048, out_features=512, bias=True)
        (final_layer_norm): LayerNorm((512,), eps=1e-05, elementwise_affine=True)
      )
      (3): TransformerEncoderLayerBase(
        (self_attn): MultiheadAttention(
          (dropout_module): FairseqDropout()
          (k_proj): Linear(in_features=512, out_features=512, bias=True)
          (v_proj): Linear(in_features=512, out_features=512, bias=True)
          (q_proj): Linear(in_features=512, out_features=512, bias=True)
          (out_proj): Linear(in_features=512, out_features=512, bias=True)
        )
        (self_attn_layer_norm): LayerNorm((512,), eps=1e-05, elementwise_affine=True)
        (dropout_module): FairseqDropout()
        (activation_dropout_module): FairseqDropout()
        (fc1): Linear(in_features=512, out_features=2048, bias=True)
        (fc2): Linear(in_features=2048, out_features=512, bias=True)
        (final_layer_norm): LayerNorm((512,), eps=1e-05, elementwise_affine=True)
      )
      (4): TransformerEncoderLayerBase(
        (self_attn): MultiheadAttention(
          (dropout_module): FairseqDropout()
          (k_proj): Linear(in_features=512, out_features=512, bias=True)
          (v_proj): Linear(in_features=512, out_features=512, bias=True)
          (q_proj): Linear(in_features=512, out_features=512, bias=True)
          (out_proj): Linear(in_features=512, out_features=512, bias=True)
        )
        (self_attn_layer_norm): LayerNorm((512,), eps=1e-05, elementwise_affine=True)
        (dropout_module): FairseqDropout()
        (activation_dropout_module): FairseqDropout()
        (fc1): Linear(in_features=512, out_features=2048, bias=True)
        (fc2): Linear(in_features=2048, out_features=512, bias=True)
        (final_layer_norm): LayerNorm((512,), eps=1e-05, elementwise_affine=True)
      )
      (5): TransformerEncoderLayerBase(
        (self_attn): MultiheadAttention(
          (dropout_module): FairseqDropout()
          (k_proj): Linear(in_features=512, out_features=512, bias=True)
          (v_proj): Linear(in_features=512, out_features=512, bias=True)
          (q_proj): Linear(in_features=512, out_features=512, bias=True)
          (out_proj): Linear(in_features=512, out_features=512, bias=True)
        )
        (self_attn_layer_norm): LayerNorm((512,), eps=1e-05, elementwise_affine=True)
        (dropout_module): FairseqDropout()
        (activation_dropout_module): FairseqDropout()
        (fc1): Linear(in_features=512, out_features=2048, bias=True)
        (fc2): Linear(in_features=2048, out_features=512, bias=True)
        (final_layer_norm): LayerNorm((512,), eps=1e-05, elementwise_affine=True)
      )
    )
  )
  (decoder): TransformerDecoderBase(
    (dropout_module): FairseqDropout()
    (embed_tokens): Embedding(208, 512, padding_idx=1)
    (embed_positions): SinusoidalPositionalEmbedding()
    (layers): ModuleList(
      (0): TransformerDecoderLayerBase(
        (dropout_module): FairseqDropout()
        (self_attn): MultiheadAttention(
          (dropout_module): FairseqDropout()
          (k_proj): Linear(in_features=512, out_features=512, bias=True)
          (v_proj): Linear(in_features=512, out_features=512, bias=True)
          (q_proj): Linear(in_features=512, out_features=512, bias=True)
          (out_proj): Linear(in_features=512, out_features=512, bias=True)
        )
        (activation_dropout_module): FairseqDropout()
        (self_attn_layer_norm): LayerNorm((512,), eps=1e-05, elementwise_affine=True)
        (encoder_attn): MultiheadAttention(
          (dropout_module): FairseqDropout()
          (k_proj): Linear(in_features=512, out_features=512, bias=True)
          (v_proj): Linear(in_features=512, out_features=512, bias=True)
          (q_proj): Linear(in_features=512, out_features=512, bias=True)
          (out_proj): Linear(in_features=512, out_features=512, bias=True)
        )
        (encoder_attn_layer_norm): LayerNorm((512,), eps=1e-05, elementwise_affine=True)
        (fc1): Linear(in_features=512, out_features=2048, bias=True)
        (fc2): Linear(in_features=2048, out_features=512, bias=True)
        (final_layer_norm): LayerNorm((512,), eps=1e-05, elementwise_affine=True)
      )
      (1): TransformerDecoderLayerBase(
        (dropout_module): FairseqDropout()
        (self_attn): MultiheadAttention(
          (dropout_module): FairseqDropout()
          (k_proj): Linear(in_features=512, out_features=512, bias=True)
          (v_proj): Linear(in_features=512, out_features=512, bias=True)
          (q_proj): Linear(in_features=512, out_features=512, bias=True)
          (out_proj): Linear(in_features=512, out_features=512, bias=True)
        )
        (activation_dropout_module): FairseqDropout()
        (self_attn_layer_norm): LayerNorm((512,), eps=1e-05, elementwise_affine=True)
        (encoder_attn): MultiheadAttention(
          (dropout_module): FairseqDropout()
          (k_proj): Linear(in_features=512, out_features=512, bias=True)
          (v_proj): Linear(in_features=512, out_features=512, bias=True)
          (q_proj): Linear(in_features=512, out_features=512, bias=True)
          (out_proj): Linear(in_features=512, out_features=512, bias=True)
        )
        (encoder_attn_layer_norm): LayerNorm((512,), eps=1e-05, elementwise_affine=True)
        (fc1): Linear(in_features=512, out_features=2048, bias=True)
        (fc2): Linear(in_features=2048, out_features=512, bias=True)
        (final_layer_norm): LayerNorm((512,), eps=1e-05, elementwise_affine=True)
      )
      (2): TransformerDecoderLayerBase(
        (dropout_module): FairseqDropout()
        (self_attn): MultiheadAttention(
          (dropout_module): FairseqDropout()
          (k_proj): Linear(in_features=512, out_features=512, bias=True)
          (v_proj): Linear(in_features=512, out_features=512, bias=True)
          (q_proj): Linear(in_features=512, out_features=512, bias=True)
          (out_proj): Linear(in_features=512, out_features=512, bias=True)
        )
        (activation_dropout_module): FairseqDropout()
        (self_attn_layer_norm): LayerNorm((512,), eps=1e-05, elementwise_affine=True)
        (encoder_attn): MultiheadAttention(
          (dropout_module): FairseqDropout()
          (k_proj): Linear(in_features=512, out_features=512, bias=True)
          (v_proj): Linear(in_features=512, out_features=512, bias=True)
          (q_proj): Linear(in_features=512, out_features=512, bias=True)
          (out_proj): Linear(in_features=512, out_features=512, bias=True)
        )
        (encoder_attn_layer_norm): LayerNorm((512,), eps=1e-05, elementwise_affine=True)
        (fc1): Linear(in_features=512, out_features=2048, bias=True)
        (fc2): Linear(in_features=2048, out_features=512, bias=True)
        (final_layer_norm): LayerNorm((512,), eps=1e-05, elementwise_affine=True)
      )
      (3): TransformerDecoderLayerBase(
        (dropout_module): FairseqDropout()
        (self_attn): MultiheadAttention(
          (dropout_module): FairseqDropout()
          (k_proj): Linear(in_features=512, out_features=512, bias=True)
          (v_proj): Linear(in_features=512, out_features=512, bias=True)
          (q_proj): Linear(in_features=512, out_features=512, bias=True)
          (out_proj): Linear(in_features=512, out_features=512, bias=True)
        )
        (activation_dropout_module): FairseqDropout()
        (self_attn_layer_norm): LayerNorm((512,), eps=1e-05, elementwise_affine=True)
        (encoder_attn): MultiheadAttention(
          (dropout_module): FairseqDropout()
          (k_proj): Linear(in_features=512, out_features=512, bias=True)
          (v_proj): Linear(in_features=512, out_features=512, bias=True)
          (q_proj): Linear(in_features=512, out_features=512, bias=True)
          (out_proj): Linear(in_features=512, out_features=512, bias=True)
        )
        (encoder_attn_layer_norm): LayerNorm((512,), eps=1e-05, elementwise_affine=True)
        (fc1): Linear(in_features=512, out_features=2048, bias=True)
        (fc2): Linear(in_features=2048, out_features=512, bias=True)
        (final_layer_norm): LayerNorm((512,), eps=1e-05, elementwise_affine=True)
      )
      (4): TransformerDecoderLayerBase(
        (dropout_module): FairseqDropout()
        (self_attn): MultiheadAttention(
          (dropout_module): FairseqDropout()
          (k_proj): Linear(in_features=512, out_features=512, bias=True)
          (v_proj): Linear(in_features=512, out_features=512, bias=True)
          (q_proj): Linear(in_features=512, out_features=512, bias=True)
          (out_proj): Linear(in_features=512, out_features=512, bias=True)
        )
        (activation_dropout_module): FairseqDropout()
        (self_attn_layer_norm): LayerNorm((512,), eps=1e-05, elementwise_affine=True)
        (encoder_attn): MultiheadAttention(
          (dropout_module): FairseqDropout()
          (k_proj): Linear(in_features=512, out_features=512, bias=True)
          (v_proj): Linear(in_features=512, out_features=512, bias=True)
          (q_proj): Linear(in_features=512, out_features=512, bias=True)
          (out_proj): Linear(in_features=512, out_features=512, bias=True)
        )
        (encoder_attn_layer_norm): LayerNorm((512,), eps=1e-05, elementwise_affine=True)
        (fc1): Linear(in_features=512, out_features=2048, bias=True)
        (fc2): Linear(in_features=2048, out_features=512, bias=True)
        (final_layer_norm): LayerNorm((512,), eps=1e-05, elementwise_affine=True)
      )
      (5): TransformerDecoderLayerBase(
        (dropout_module): FairseqDropout()
        (self_attn): MultiheadAttention(
          (dropout_module): FairseqDropout()
          (k_proj): Linear(in_features=512, out_features=512, bias=True)
          (v_proj): Linear(in_features=512, out_features=512, bias=True)
          (q_proj): Linear(in_features=512, out_features=512, bias=True)
          (out_proj): Linear(in_features=512, out_features=512, bias=True)
        )
        (activation_dropout_module): FairseqDropout()
        (self_attn_layer_norm): LayerNorm((512,), eps=1e-05, elementwise_affine=True)
        (encoder_attn): MultiheadAttention(
          (dropout_module): FairseqDropout()
          (k_proj): Linear(in_features=512, out_features=512, bias=True)
          (v_proj): Linear(in_features=512, out_features=512, bias=True)
          (q_proj): Linear(in_features=512, out_features=512, bias=True)
          (out_proj): Linear(in_features=512, out_features=512, bias=True)
        )
        (encoder_attn_layer_norm): LayerNorm((512,), eps=1e-05, elementwise_affine=True)
        (fc1): Linear(in_features=512, out_features=2048, bias=True)
        (fc2): Linear(in_features=2048, out_features=512, bias=True)
        (final_layer_norm): LayerNorm((512,), eps=1e-05, elementwise_affine=True)
      )
    )
    (output_projection): Linear(in_features=512, out_features=208, bias=False)
  )
)
task: TranslationTask
model: TransformerModel
criterion: LabelSmoothedCrossEntropyCriterion
num. shared model params: 44,281,856 (num. trained: 44,281,856)
num. expert model params: 0 (num. trained: 0)
training on 4 devices (GPUs/TPUs)
max tokens per device = 8192 and max sentences per device = None
Start iterating over samples
{"epoch": 1, "update": 0.365, "loss": "6.619", "nll_loss": "6.4", "ppl": "84.47", "wps": "197552", "ups": "8.51", "wpb": "23215.1", "bsz": "92.5", "num_updates": "100", "lr": "2.5e-06", "gnorm": "5.03", "loss_scale": "64", "train_wall": "12", "gb_free": "29.3", "wall": "18"}
{"epoch": 1, "update": 0.726, "loss": "5.946", "nll_loss": "5.635", "ppl": "49.7", "wps": "204196", "ups": "8.79", "wpb": "23228.8", "bsz": "99.2", "num_updates": "200", "lr": "5e-06", "gnorm": "1.488", "loss_scale": "64", "train_wall": "11", "gb_free": "29.2", "wall": "29"}
end of epoch 1 (average epoch stats below)
{"epoch": 1, "train_loss": "6.116", "train_nll_loss": "5.83", "train_ppl": "56.89", "train_wps": "195053", "train_ups": "8.42", "train_wpb": "23168.2", "train_bsz": "95.4", "train_num_updates": "276", "train_lr": "6.9e-06", "train_gnorm": "2.714", "train_loss_scale": "64", "train_train_wall": "32", "train_gb_free": "28.8", "train_wall": "39"}
Start iterating over samples
{"epoch": 2, "update": 1.087, "loss": "5.629", "nll_loss": "5.279", "ppl": "38.83", "wps": "134141", "ups": "5.83", "wpb": "23025.5", "bsz": "95.6", "num_updates": "300", "lr": "7.5e-06", "gnorm": "1.307", "loss_scale": "64", "train_wall": "11", "gb_free": "29.3", "wall": "46"}
{"epoch": 2, "update": 1.087, "loss": "5.629", "nll_loss": "5.279", "ppl": "38.83", "wps": "134141", "ups": "5.83", "wpb": "23025.5", "bsz": "95.6", "num_updates": "300", "lr": "7.5e-06", "gnorm": "1.307", "loss_scale": "64", "train_wall": "11", "gb_free": "29.3", "wall": "46"}
{"epoch": 2, "update": 1.448, "loss": "5.239", "nll_loss": "4.829", "ppl": "28.42", "wps": "202780", "ups": "8.78", "wpb": "23082.6", "bsz": "94.9", "num_updates": "400", "lr": "1e-05", "gnorm": "1.131", "loss_scale": "64", "train_wall": "11", "gb_free": "28.9", "wall": "58"}
{"epoch": 2, "update": 1.448, "loss": "5.239", "nll_loss": "4.829", "ppl": "28.42", "wps": "202780", "ups": "8.78", "wpb": "23082.6", "bsz": "94.9", "num_updates": "400", "lr": "1e-05", "gnorm": "1.131", "loss_scale": "64", "train_wall": "11", "gb_free": "28.9", "wall": "58"}
{"epoch": 2, "update": 1.809, "loss": "4.671", "nll_loss": "4.156", "ppl": "17.83", "wps": "205925", "ups": "8.79", "wpb": "23423.8", "bsz": "95.6", "num_updates": "500", "lr": "1.25e-05", "gnorm": "1.086", "loss_scale": "64", "train_wall": "11", "gb_free": "29.2", "wall": "69"}
{"epoch": 2, "update": 1.809, "loss": "4.671", "nll_loss": "4.156", "ppl": "17.83", "wps": "205925", "ups": "8.79", "wpb": "23423.8", "bsz": "95.6", "num_updates": "500", "lr": "1.25e-05", "gnorm": "1.086", "loss_scale": "64", "train_wall": "11", "gb_free": "29.2", "wall": "69"}
end of epoch 2 (average epoch stats below)
{"epoch": 2, "train_loss": "4.868", "train_nll_loss": "4.385", "train_ppl": "20.89", "train_wps": "172282", "train_ups": "7.44", "train_wpb": "23169", "train_bsz": "95.4", "train_num_updates": "553", "train_lr": "1.3825e-05", "train_gnorm": "1.144", "train_loss_scale": "64", "train_train_wall": "31", "train_gb_free": "29.2", "train_wall": "76"}
{"epoch": 2, "train_loss": "4.868", "train_nll_loss": "4.385", "train_ppl": "20.89", "train_wps": "172282", "train_ups": "7.44", "train_wpb": "23169", "train_bsz": "95.4", "train_num_updates": "553", "train_lr": "1.3825e-05", "train_gnorm": "1.144", "train_loss_scale": "64", "train_train_wall": "31", "train_gb_free": "29.2", "train_wall": "76"}
Start iterating over samples
{"epoch": 3, "update": 2.17, "loss": "4.188", "nll_loss": "3.555", "ppl": "11.75", "wps": "135465", "ups": "5.86", "wpb": "23109.5", "bsz": "92.4", "num_updates": "600", "lr": "1.5e-05", "gnorm": "1.12", "loss_scale": "64", "train_wall": "11", "gb_free": "29.3", "wall": "86"}
{"epoch": 3, "update": 2.17, "loss": "4.188", "nll_loss": "3.555", "ppl": "11.75", "wps": "135465", "ups": "5.86", "wpb": "23109.5", "bsz": "92.4", "num_updates": "600", "lr": "1.5e-05", "gnorm": "1.12", "loss_scale": "64", "train_wall": "11", "gb_free": "29.3", "wall": "86"}
{"epoch": 3, "update": 2.17, "loss": "4.188", "nll_loss": "3.555", "ppl": "11.75", "wps": "135465", "ups": "5.86", "wpb": "23109.5", "bsz": "92.4", "num_updates": "600", "lr": "1.5e-05", "gnorm": "1.12", "loss_scale": "64", "train_wall": "11", "gb_free": "29.3", "wall": "86"}
{"epoch": 3, "update": 2.531, "loss": "3.975", "nll_loss": "3.28", "ppl": "9.71", "wps": "206484", "ups": "8.84", "wpb": "23347.9", "bsz": "95.2", "num_updates": "700", "lr": "1.75e-05", "gnorm": "0.986", "loss_scale": "64", "train_wall": "11", "gb_free": "29", "wall": "98"}
{"epoch": 3, "update": 2.531, "loss": "3.975", "nll_loss": "3.28", "ppl": "9.71", "wps": "206484", "ups": "8.84", "wpb": "23347.9", "bsz": "95.2", "num_updates": "700", "lr": "1.75e-05", "gnorm": "0.986", "loss_scale": "64", "train_wall": "11", "gb_free": "29", "wall": "98"}
{"epoch": 3, "update": 2.531, "loss": "3.975", "nll_loss": "3.28", "ppl": "9.71", "wps": "206484", "ups": "8.84", "wpb": "23347.9", "bsz": "95.2", "num_updates": "700", "lr": "1.75e-05", "gnorm": "0.986", "loss_scale": "64", "train_wall": "11", "gb_free": "29", "wall": "98"}
{"epoch": 3, "update": 2.892, "loss": "3.889", "nll_loss": "3.169", "ppl": "8.99", "wps": "199047", "ups": "8.7", "wpb": "22874.5", "bsz": "96.8", "num_updates": "800", "lr": "2e-05", "gnorm": "0.877", "loss_scale": "64", "train_wall": "11", "gb_free": "28.7", "wall": "109"}
{"epoch": 3, "update": 2.892, "loss": "3.889", "nll_loss": "3.169", "ppl": "8.99", "wps": "199047", "ups": "8.7", "wpb": "22874.5", "bsz": "96.8", "num_updates": "800", "lr": "2e-05", "gnorm": "0.877", "loss_scale": "64", "train_wall": "11", "gb_free": "28.7", "wall": "109"}
{"epoch": 3, "update": 2.892, "loss": "3.889", "nll_loss": "3.169", "ppl": "8.99", "wps": "199047", "ups": "8.7", "wpb": "22874.5", "bsz": "96.8", "num_updates": "800", "lr": "2e-05", "gnorm": "0.877", "loss_scale": "64", "train_wall": "11", "gb_free": "28.7", "wall": "109"}
end of epoch 3 (average epoch stats below)
{"epoch": 3, "train_loss": "3.953", "train_nll_loss": "3.251", "train_ppl": "9.52", "train_wps": "172530", "train_ups": "7.45", "train_wpb": "23169", "train_bsz": "95.4", "train_num_updates": "830", "train_lr": "2.075e-05", "train_gnorm": "0.943", "train_loss_scale": "64", "train_train_wall": "31", "train_gb_free": "28.9", "train_wall": "113"}
{"epoch": 3, "train_loss": "3.953", "train_nll_loss": "3.251", "train_ppl": "9.52", "train_wps": "172530", "train_ups": "7.45", "train_wpb": "23169", "train_bsz": "95.4", "train_num_updates": "830", "train_lr": "2.075e-05", "train_gnorm": "0.943", "train_loss_scale": "64", "train_train_wall": "31", "train_gb_free": "28.9", "train_wall": "113"}
{"epoch": 3, "train_loss": "3.953", "train_nll_loss": "3.251", "train_ppl": "9.52", "train_wps": "172530", "train_ups": "7.45", "train_wpb": "23169", "train_bsz": "95.4", "train_num_updates": "830", "train_lr": "2.075e-05", "train_gnorm": "0.943", "train_loss_scale": "64", "train_train_wall": "31", "train_gb_free": "28.9", "train_wall": "113"}
Start iterating over samples
{"epoch": 4, "update": 3.253, "loss": "3.832", "nll_loss": "3.096", "ppl": "8.55", "wps": "133659", "ups": "5.85", "wpb": "22848.2", "bsz": "92.7", "num_updates": "900", "lr": "2.25e-05", "gnorm": "0.834", "loss_scale": "64", "train_wall": "11", "gb_free": "28.8", "wall": "126"}
{"epoch": 4, "update": 3.253, "loss": "3.832", "nll_loss": "3.096", "ppl": "8.55", "wps": "133659", "ups": "5.85", "wpb": "22848.2", "bsz": "92.7", "num_updates": "900", "lr": "2.25e-05", "gnorm": "0.834", "loss_scale": "64", "train_wall": "11", "gb_free": "28.8", "wall": "126"}
{"epoch": 4, "update": 3.253, "loss": "3.832", "nll_loss": "3.096", "ppl": "8.55", "wps": "133659", "ups": "5.85", "wpb": "22848.2", "bsz": "92.7", "num_updates": "900", "lr": "2.25e-05", "gnorm": "0.834", "loss_scale": "64", "train_wall": "11", "gb_free": "28.8", "wall": "126"}
{"epoch": 4, "update": 3.253, "loss": "3.832", "nll_loss": "3.096", "ppl": "8.55", "wps": "133659", "ups": "5.85", "wpb": "22848.2", "bsz": "92.7", "num_updates": "900", "lr": "2.25e-05", "gnorm": "0.834", "loss_scale": "64", "train_wall": "11", "gb_free": "28.8", "wall": "126"}
{"epoch": 4, "update": 3.614, "loss": "3.783", "nll_loss": "3.036", "ppl": "8.2", "wps": "199931", "ups": "8.58", "wpb": "23314.3", "bsz": "92.8", "num_updates": "1000", "lr": "2.5e-05", "gnorm": "0.803", "loss_scale": "64", "train_wall": "11", "gb_free": "29.2", "wall": "138"}
{"epoch": 4, "update": 3.614, "loss": "3.783", "nll_loss": "3.036", "ppl": "8.2", "wps": "199931", "ups": "8.58", "wpb": "23314.3", "bsz": "92.8", "num_updates": "1000", "lr": "2.5e-05", "gnorm": "0.803", "loss_scale": "64", "train_wall": "11", "gb_free": "29.2", "wall": "138"}
{"epoch": 4, "update": 3.614, "loss": "3.783", "nll_loss": "3.036", "ppl": "8.2", "wps": "199931", "ups": "8.58", "wpb": "23314.3", "bsz": "92.8", "num_updates": "1000", "lr": "2.5e-05", "gnorm": "0.803", "loss_scale": "64", "train_wall": "11", "gb_free": "29.2", "wall": "138"}
{"epoch": 4, "update": 3.614, "loss": "3.783", "nll_loss": "3.036", "ppl": "8.2", "wps": "199931", "ups": "8.58", "wpb": "23314.3", "bsz": "92.8", "num_updates": "1000", "lr": "2.5e-05", "gnorm": "0.803", "loss_scale": "64", "train_wall": "11", "gb_free": "29.2", "wall": "138"}
{"epoch": 4, "update": 3.975, "loss": "3.749", "nll_loss": "2.994", "ppl": "7.97", "wps": "204501", "ups": "8.71", "wpb": "23465.9", "bsz": "101.1", "num_updates": "1100", "lr": "2.75e-05", "gnorm": "0.736", "loss_scale": "64", "train_wall": "11", "gb_free": "28.3", "wall": "149"}
{"epoch": 4, "update": 3.975, "loss": "3.749", "nll_loss": "2.994", "ppl": "7.97", "wps": "204501", "ups": "8.71", "wpb": "23465.9", "bsz": "101.1", "num_updates": "1100", "lr": "2.75e-05", "gnorm": "0.736", "loss_scale": "64", "train_wall": "11", "gb_free": "28.3", "wall": "149"}
{"epoch": 4, "update": 3.975, "loss": "3.749", "nll_loss": "2.994", "ppl": "7.97", "wps": "204501", "ups": "8.71", "wpb": "23465.9", "bsz": "101.1", "num_updates": "1100", "lr": "2.75e-05", "gnorm": "0.736", "loss_scale": "64", "train_wall": "11", "gb_free": "28.3", "wall": "149"}
{"epoch": 4, "update": 3.975, "loss": "3.749", "nll_loss": "2.994", "ppl": "7.97", "wps": "204501", "ups": "8.71", "wpb": "23465.9", "bsz": "101.1", "num_updates": "1100", "lr": "2.75e-05", "gnorm": "0.736", "loss_scale": "64", "train_wall": "11", "gb_free": "28.3", "wall": "149"}
end of epoch 4 (average epoch stats below)
{"epoch": 4, "train_loss": "3.781", "train_nll_loss": "3.033", "train_ppl": "8.18", "train_wps": "170397", "train_ups": "7.35", "train_wpb": "23169", "train_bsz": "95.4", "train_num_updates": "1107", "train_lr": "2.7675e-05", "train_gnorm": "0.787", "train_loss_scale": "64", "train_train_wall": "31", "train_gb_free": "29.2", "train_wall": "151"}
{"epoch": 4, "train_loss": "3.781", "train_nll_loss": "3.033", "train_ppl": "8.18", "train_wps": "170397", "train_ups": "7.35", "train_wpb": "23169", "train_bsz": "95.4", "train_num_updates": "1107", "train_lr": "2.7675e-05", "train_gnorm": "0.787", "train_loss_scale": "64", "train_train_wall": "31", "train_gb_free": "29.2", "train_wall": "151"}
{"epoch": 4, "train_loss": "3.781", "train_nll_loss": "3.033", "train_ppl": "8.18", "train_wps": "170397", "train_ups": "7.35", "train_wpb": "23169", "train_bsz": "95.4", "train_num_updates": "1107", "train_lr": "2.7675e-05", "train_gnorm": "0.787", "train_loss_scale": "64", "train_train_wall": "31", "train_gb_free": "29.2", "train_wall": "151"}
{"epoch": 4, "train_loss": "3.781", "train_nll_loss": "3.033", "train_ppl": "8.18", "train_wps": "170397", "train_ups": "7.35", "train_wpb": "23169", "train_bsz": "95.4", "train_num_updates": "1107", "train_lr": "2.7675e-05", "train_gnorm": "0.787", "train_loss_scale": "64", "train_train_wall": "31", "train_gb_free": "29.2", "train_wall": "151"}
Start iterating over samples
{"epoch": 5, "update": 4.336, "loss": "3.72", "nll_loss": "2.958", "ppl": "7.77", "wps": "135448", "ups": "5.85", "wpb": "23166.8", "bsz": "95.9", "num_updates": "1200", "lr": "3e-05", "gnorm": "0.729", "loss_scale": "64", "train_wall": "11", "gb_free": "28.9", "wall": "166"}
{"epoch": 5, "update": 4.336, "loss": "3.72", "nll_loss": "2.958", "ppl": "7.77", "wps": "135448", "ups": "5.85", "wpb": "23166.8", "bsz": "95.9", "num_updates": "1200", "lr": "3e-05", "gnorm": "0.729", "loss_scale": "64", "train_wall": "11", "gb_free": "28.9", "wall": "166"}
{"epoch": 5, "update": 4.336, "loss": "3.72", "nll_loss": "2.958", "ppl": "7.77", "wps": "135448", "ups": "5.85", "wpb": "23166.8", "bsz": "95.9", "num_updates": "1200", "lr": "3e-05", "gnorm": "0.729", "loss_scale": "64", "train_wall": "11", "gb_free": "28.9", "wall": "166"}
{"epoch": 5, "update": 4.336, "loss": "3.72", "nll_loss": "2.958", "ppl": "7.77", "wps": "135448", "ups": "5.85", "wpb": "23166.8", "bsz": "95.9", "num_updates": "1200", "lr": "3e-05", "gnorm": "0.729", "loss_scale": "64", "train_wall": "11", "gb_free": "28.9", "wall": "166"}
{"epoch": 5, "update": 4.336, "loss": "3.72", "nll_loss": "2.958", "ppl": "7.77", "wps": "135448", "ups": "5.85", "wpb": "23166.8", "bsz": "95.9", "num_updates": "1200", "lr": "3e-05", "gnorm": "0.729", "loss_scale": "64", "train_wall": "11", "gb_free": "28.9", "wall": "166"}
{"epoch": 5, "update": 4.697, "loss": "3.684", "nll_loss": "2.915", "ppl": "7.54", "wps": "205834", "ups": "8.8", "wpb": "23381.1", "bsz": "95.5", "num_updates": "1300", "lr": "3.25e-05", "gnorm": "0.728", "loss_scale": "64", "train_wall": "11", "gb_free": "29.1", "wall": "178"}
{"epoch": 5, "update": 4.697, "loss": "3.684", "nll_loss": "2.915", "ppl": "7.54", "wps": "205834", "ups": "8.8", "wpb": "23381.1", "bsz": "95.5", "num_updates": "1300", "lr": "3.25e-05", "gnorm": "0.728", "loss_scale": "64", "train_wall": "11", "gb_free": "29.1", "wall": "178"}
{"epoch": 5, "update": 4.697, "loss": "3.684", "nll_loss": "2.915", "ppl": "7.54", "wps": "205834", "ups": "8.8", "wpb": "23381.1", "bsz": "95.5", "num_updates": "1300", "lr": "3.25e-05", "gnorm": "0.728", "loss_scale": "64", "train_wall": "11", "gb_free": "29.1", "wall": "178"}
{"epoch": 5, "update": 4.697, "loss": "3.684", "nll_loss": "2.915", "ppl": "7.54", "wps": "205834", "ups": "8.8", "wpb": "23381.1", "bsz": "95.5", "num_updates": "1300", "lr": "3.25e-05", "gnorm": "0.728", "loss_scale": "64", "train_wall": "11", "gb_free": "29.1", "wall": "178"}
{"epoch": 5, "update": 4.697, "loss": "3.684", "nll_loss": "2.915", "ppl": "7.54", "wps": "205834", "ups": "8.8", "wpb": "23381.1", "bsz": "95.5", "num_updates": "1300", "lr": "3.25e-05", "gnorm": "0.728", "loss_scale": "64", "train_wall": "11", "gb_free": "29.1", "wall": "178"}
end of epoch 5 (average epoch stats below)
{"epoch": 5, "train_loss": "3.69", "train_nll_loss": "2.922", "train_ppl": "7.58", "train_wps": "173105", "train_ups": "7.47", "train_wpb": "23169", "train_bsz": "95.4", "train_num_updates": "1384", "train_lr": "3.46e-05", "train_gnorm": "0.725", "train_loss_scale": "64", "train_train_wall": "31", "train_gb_free": "29.1", "train_wall": "188"}
{"epoch": 5, "train_loss": "3.69", "train_nll_loss": "2.922", "train_ppl": "7.58", "train_wps": "173105", "train_ups": "7.47", "train_wpb": "23169", "train_bsz": "95.4", "train_num_updates": "1384", "train_lr": "3.46e-05", "train_gnorm": "0.725", "train_loss_scale": "64", "train_train_wall": "31", "train_gb_free": "29.1", "train_wall": "188"}
{"epoch": 5, "train_loss": "3.69", "train_nll_loss": "2.922", "train_ppl": "7.58", "train_wps": "173105", "train_ups": "7.47", "train_wpb": "23169", "train_bsz": "95.4", "train_num_updates": "1384", "train_lr": "3.46e-05", "train_gnorm": "0.725", "train_loss_scale": "64", "train_train_wall": "31", "train_gb_free": "29.1", "train_wall": "188"}
{"epoch": 5, "train_loss": "3.69", "train_nll_loss": "2.922", "train_ppl": "7.58", "train_wps": "173105", "train_ups": "7.47", "train_wpb": "23169", "train_bsz": "95.4", "train_num_updates": "1384", "train_lr": "3.46e-05", "train_gnorm": "0.725", "train_loss_scale": "64", "train_train_wall": "31", "train_gb_free": "29.1", "train_wall": "188"}
{"epoch": 5, "train_loss": "3.69", "train_nll_loss": "2.922", "train_ppl": "7.58", "train_wps": "173105", "train_ups": "7.47", "train_wpb": "23169", "train_bsz": "95.4", "train_num_updates": "1384", "train_lr": "3.46e-05", "train_gnorm": "0.725", "train_loss_scale": "64", "train_train_wall": "31", "train_gb_free": "29.1", "train_wall": "188"}
done training in 187.9 seconds
{'_name': None, 'common': {'_name': None, 'no_progress_bar': False, 'log_interval': 100, 'log_format': 'json', 'log_file': '/home/junkaiwu/ECE537_Final_Project/text2unit_fairseq/outputs/transformer_wmt_en_de-dataset_libritts_train-clean-100_hubert200-dropout_0.3-max_tokens_8192-share/train.log', 'aim_repo': None, 'aim_run_hash': None, 'tensorboard_logdir': None, 'wandb_project': None, 'azureml_logging': False, 'seed': 1, 'cpu': False, 'tpu': False, 'bf16': False, 'memory_efficient_bf16': False, 'fp16': True, 'memory_efficient_fp16': False, 'fp16_no_flatten_grads': False, 'fp16_init_scale': 128, 'fp16_scale_window': None, 'fp16_scale_tolerance': 0.0, 'on_cpu_convert_precision': False, 'min_loss_scale': 0.0001, 'threshold_loss_scale': None, 'amp': False, 'amp_batch_retries': 2, 'amp_init_scale': 128, 'amp_scale_window': None, 'user_dir': None, 'empty_cache_freq': 0, 'all_gather_list_size': 16384, 'model_parallel_size': 1, 'quantization_config_path': None, 'profile': False, 'reset_logging': False, 'suppress_crashes': False, 'use_plasma_view': False, 'plasma_path': '/tmp/plasma'}, 'common_eval': {'_name': None, 'path': None, 'post_process': None, 'quiet': False, 'model_overrides': '{}', 'results_path': None}, 'distributed_training': {'_name': None, 'distributed_world_size': 4, 'distributed_num_procs': 4, 'distributed_rank': 0, 'distributed_backend': 'nccl', 'distributed_init_method': 'tcp://localhost:10926', 'distributed_port': -1, 'device_id': 0, 'distributed_no_spawn': False, 'ddp_backend': 'pytorch_ddp', 'ddp_comm_hook': 'none', 'bucket_cap_mb': 25, 'fix_batches_to_gpus': False, 'find_unused_parameters': False, 'gradient_as_bucket_view': False, 'fast_stat_sync': False, 'heartbeat_timeout': -1, 'broadcast_buffers': False, 'slowmo_momentum': None, 'slowmo_base_algorithm': 'localsgd', 'localsgd_frequency': 3, 'nprocs_per_node': 4, 'pipeline_model_parallel': False, 'pipeline_balance': None, 'pipeline_devices': None, 'pipeline_chunks': 0, 'pipeline_encoder_balance': None, 'pipeline_encoder_devices': None, 'pipeline_decoder_balance': None, 'pipeline_decoder_devices': None, 'pipeline_checkpoint': 'never', 'zero_sharding': 'none', 'fp16': True, 'memory_efficient_fp16': False, 'tpu': False, 'no_reshard_after_forward': False, 'fp32_reduce_scatter': False, 'cpu_offload': False, 'use_sharded_state': False, 'not_fsdp_flatten_parameters': False}, 'dataset': {'_name': None, 'num_workers': 1, 'skip_invalid_size_inputs_valid_test': False, 'max_tokens': 8192, 'batch_size': None, 'required_batch_size_multiple': 8, 'required_seq_len_multiple': 1, 'dataset_impl': None, 'data_buffer_size': 10, 'train_subset': 'train', 'valid_subset': 'valid', 'combine_valid_subsets': None, 'ignore_unused_valid_subsets': False, 'validate_interval': 99999, 'validate_interval_updates': 0, 'validate_after_updates': 0, 'fixed_validation_seed': None, 'disable_validation': False, 'max_tokens_valid': 8192, 'batch_size_valid': None, 'max_valid_steps': None, 'curriculum': 0, 'gen_subset': 'test', 'num_shards': 1, 'shard_id': 0, 'grouped_shuffling': False, 'update_epoch_batch_itr': False, 'update_ordered_indices_seed': False}, 'optimization': {'_name': None, 'max_epoch': 10, 'max_update': 0, 'stop_time_hours': 0.0, 'clip_norm': 0.0, 'sentence_avg': False, 'update_freq': [1], 'lr': [0.0001], 'stop_min_lr': -1.0, 'use_bmuf': False, 'skip_remainder_batch': False}, 'checkpoint': {'_name': None, 'save_dir': '/home/junkaiwu/ECE537_Final_Project/text2unit_fairseq/outputs/transformer_wmt_en_de-dataset_libritts_train-clean-100_hubert200-dropout_0.3-max_tokens_8192-share', 'restore_file': 'checkpoint_last.pt', 'continue_once': None, 'finetune_from_model': None, 'reset_dataloader': False, 'reset_lr_scheduler': False, 'reset_meters': False, 'reset_optimizer': False, 'optimizer_overrides': '{}', 'save_interval': 1, 'save_interval_updates': 0, 'keep_interval_updates': -1, 'keep_interval_updates_pattern': -1, 'keep_last_epochs': -1, 'keep_best_checkpoints': -1, 'no_save': False, 'no_epoch_checkpoints': False, 'no_last_checkpoints': False, 'no_save_optimizer_state': False, 'best_checkpoint_metric': 'loss', 'maximize_best_checkpoint_metric': False, 'patience': -1, 'checkpoint_suffix': '', 'checkpoint_shard_count': 1, 'load_checkpoint_on_all_dp_ranks': False, 'write_checkpoints_asynchronously': False, 'model_parallel_size': 1}, 'bmuf': {'_name': None, 'block_lr': 1.0, 'block_momentum': 0.875, 'global_sync_iter': 50, 'warmup_iterations': 500, 'use_nbm': False, 'average_sync': False, 'distributed_world_size': 4}, 'generation': {'_name': None, 'beam': 5, 'nbest': 1, 'max_len_a': 0.0, 'max_len_b': 200, 'min_len': 1, 'match_source_len': False, 'unnormalized': False, 'no_early_stop': False, 'no_beamable_mm': False, 'lenpen': 1.0, 'unkpen': 0.0, 'replace_unk': None, 'sacrebleu': False, 'score_reference': False, 'prefix_size': 0, 'no_repeat_ngram_size': 0, 'sampling': False, 'sampling_topk': -1, 'sampling_topp': -1.0, 'constraints': None, 'temperature': 1.0, 'diverse_beam_groups': -1, 'diverse_beam_strength': 0.5, 'diversity_rate': -1.0, 'print_alignment': None, 'print_step': False, 'lm_path': None, 'lm_weight': 0.0, 'iter_decode_eos_penalty': 0.0, 'iter_decode_max_iter': 10, 'iter_decode_force_max_iter': False, 'iter_decode_with_beam': 1, 'iter_decode_with_external_reranker': False, 'retain_iter_history': False, 'retain_dropout': False, 'retain_dropout_modules': None, 'decoding_format': None, 'no_seed_provided': False, 'eos_token': None}, 'eval_lm': {'_name': None, 'output_word_probs': False, 'output_word_stats': False, 'context_window': 0, 'softmax_batch': 9223372036854775807}, 'interactive': {'_name': None, 'buffer_size': 0, 'input': '-'}, 'model': Namespace(_name='transformer_wmt_en_de', activation_dropout=0.0, activation_fn='relu', adam_betas='(0.9, 0.98)', adam_eps=1e-08, adaptive_input=False, adaptive_softmax_cutoff=None, adaptive_softmax_dropout=0, aim_repo=None, aim_run_hash=None, all_gather_list_size=16384, amp=False, amp_batch_retries=2, amp_init_scale=128, amp_scale_window=None, arch='transformer_wmt_en_de', attention_dropout=0.0, azureml_logging=False, batch_size=None, batch_size_valid=None, best_checkpoint_metric='loss', bf16=False, bpe=None, broadcast_buffers=False, bucket_cap_mb=25, checkpoint_activations=False, checkpoint_shard_count=1, checkpoint_suffix='', clip_norm=0.0, combine_valid_subsets=None, continue_once=None, cpu=False, cpu_offload=False, criterion='label_smoothed_cross_entropy', cross_self_attention=False, curriculum=0, data='/home/junkaiwu/ECE537_Final_Project/text2unit_fairseq/data-bin/libritts_train-clean-100_hubert200', data_buffer_size=10, dataset_impl=None, ddp_backend='pytorch_ddp', ddp_comm_hook='none', decoder_attention_heads=8, decoder_embed_dim=512, decoder_embed_path=None, decoder_ffn_embed_dim=2048, decoder_input_dim=512, decoder_layerdrop=0, decoder_layers=6, decoder_layers_to_keep=None, decoder_learned_pos=False, decoder_normalize_before=False, decoder_output_dim=512, device_id=0, disable_validation=False, distributed_backend='nccl', distributed_init_method=None, distributed_no_spawn=False, distributed_num_procs=4, distributed_port=-1, distributed_rank=0, distributed_world_size=4, dropout=0.3, ema_decay=0.9999, ema_fp32=False, ema_seed_model=None, ema_start_update=0, ema_update_freq=1, empty_cache_freq=0, encoder_attention_heads=8, encoder_embed_dim=512, encoder_embed_path=None, encoder_ffn_embed_dim=2048, encoder_layerdrop=0, encoder_layers=6, encoder_layers_to_keep=None, encoder_learned_pos=False, encoder_normalize_before=False, eos=2, eval_bleu=False, eval_bleu_args='{}', eval_bleu_detok='space', eval_bleu_detok_args='{}', eval_bleu_print_samples=False, eval_bleu_remove_bpe=None, eval_tokenized_bleu=False, fast_stat_sync=False, find_unused_parameters=False, finetune_from_model=None, fix_batches_to_gpus=False, fixed_validation_seed=None, fp16=True, fp16_adam_stats=False, fp16_init_scale=128, fp16_no_flatten_grads=False, fp16_scale_tolerance=0.0, fp16_scale_window=None, fp32_reduce_scatter=False, gen_subset='test', gradient_as_bucket_view=False, grouped_shuffling=False, heartbeat_timeout=-1, ignore_prefix_size=0, ignore_unused_valid_subsets=False, keep_best_checkpoints=-1, keep_interval_updates=-1, keep_interval_updates_pattern=-1, keep_last_epochs=-1, label_smoothing=0.1, layernorm_embedding=False, left_pad_source=True, left_pad_target=False, load_alignments=False, load_checkpoint_on_all_dp_ranks=False, localsgd_frequency=3, log_file='/home/junkaiwu/ECE537_Final_Project/text2unit_fairseq/outputs/transformer_wmt_en_de-dataset_libritts_train-clean-100_hubert200-dropout_0.3-max_tokens_8192-share/train.log', log_format='json', log_interval=100, lr=[0.0001], lr_scheduler='inverse_sqrt', max_epoch=10, max_tokens=8192, max_tokens_valid=8192, max_update=0, max_valid_steps=None, maximize_best_checkpoint_metric=False, memory_efficient_bf16=False, memory_efficient_fp16=False, min_loss_scale=0.0001, model_parallel_size=1, no_cross_attention=False, no_epoch_checkpoints=False, no_last_checkpoints=False, no_progress_bar=False, no_reshard_after_forward=False, no_save=False, no_save_optimizer_state=False, no_scale_embedding=False, no_seed_provided=False, no_token_positional_embeddings=False, not_fsdp_flatten_parameters=False, nprocs_per_node=4, num_batch_buckets=0, num_shards=1, num_workers=1, offload_activations=False, on_cpu_convert_precision=False, optimizer='adam', optimizer_overrides='{}', pad=1, patience=-1, pipeline_balance=None, pipeline_checkpoint='never', pipeline_chunks=0, pipeline_decoder_balance=None, pipeline_decoder_devices=None, pipeline_devices=None, pipeline_encoder_balance=None, pipeline_encoder_devices=None, pipeline_model_parallel=False, plasma_path='/tmp/plasma', profile=False, quant_noise_pq=0, quant_noise_pq_block_size=8, quant_noise_scalar=0, quantization_config_path=None, report_accuracy=False, required_batch_size_multiple=8, required_seq_len_multiple=1, reset_dataloader=False, reset_logging=False, reset_lr_scheduler=False, reset_meters=False, reset_optimizer=False, restore_file='checkpoint_last.pt', save_dir='/home/junkaiwu/ECE537_Final_Project/text2unit_fairseq/outputs/transformer_wmt_en_de-dataset_libritts_train-clean-100_hubert200-dropout_0.3-max_tokens_8192-share', save_interval=1, save_interval_updates=0, scoring='bleu', seed=1, sentence_avg=False, shard_id=0, share_all_embeddings=False, share_decoder_input_output_embed=True, simul_type=None, skip_invalid_size_inputs_valid_test=False, skip_remainder_batch=False, slowmo_base_algorithm='localsgd', slowmo_momentum=None, source_lang=None, stop_min_lr=-1.0, stop_time_hours=0, store_ema=False, suppress_crashes=False, target_lang=None, task='translation', tensorboard_logdir=None, threshold_loss_scale=None, tie_adaptive_weights=False, tokenizer=None, tpu=False, train_subset='train', truncate_source=False, unk=3, update_epoch_batch_itr=False, update_freq=[1], update_ordered_indices_seed=False, upsample_primary=-1, use_bmuf=False, use_old_adam=False, use_plasma_view=False, use_sharded_state=False, user_dir=None, valid_subset='valid', validate_after_updates=0, validate_interval=99999, validate_interval_updates=0, wandb_project=None, warmup_init_lr=-1, warmup_updates=4000, weight_decay=0.0001, write_checkpoints_asynchronously=False, zero_sharding='none'), 'task': {'_name': 'translation', 'data': '/home/junkaiwu/ECE537_Final_Project/text2unit_fairseq/data-bin/libritts_train-clean-100_hubert200', 'source_lang': None, 'target_lang': None, 'load_alignments': False, 'left_pad_source': True, 'left_pad_target': False, 'max_source_positions': 1024, 'max_target_positions': 1024, 'upsample_primary': -1, 'truncate_source': False, 'num_batch_buckets': 0, 'train_subset': 'train', 'dataset_impl': None, 'required_seq_len_multiple': 1, 'eval_bleu': False, 'eval_bleu_args': '{}', 'eval_bleu_detok': 'space', 'eval_bleu_detok_args': '{}', 'eval_tokenized_bleu': False, 'eval_bleu_remove_bpe': None, 'eval_bleu_print_samples': False}, 'criterion': {'_name': 'label_smoothed_cross_entropy', 'label_smoothing': 0.1, 'report_accuracy': False, 'ignore_prefix_size': 0, 'sentence_avg': False}, 'optimizer': {'_name': 'adam', 'adam_betas': '(0.9, 0.98)', 'adam_eps': 1e-08, 'weight_decay': 0.0001, 'use_old_adam': False, 'fp16_adam_stats': False, 'tpu': False, 'lr': [0.0001]}, 'lr_scheduler': {'_name': 'inverse_sqrt', 'warmup_updates': 4000, 'warmup_init_lr': -1.0, 'lr': [0.0001]}, 'scoring': {'_name': 'bleu', 'pad': 1, 'eos': 2, 'unk': 3}, 'bpe': None, 'tokenizer': None, 'ema': {'_name': None, 'store_ema': False, 'ema_decay': 0.9999, 'ema_start_update': 0, 'ema_seed_model': None, 'ema_update_freq': 1, 'ema_fp32': False}, 'simul_type': None}
TransformerModel(
  (encoder): TransformerEncoderBase(
    (dropout_module): FairseqDropout()
    (embed_tokens): Embedding(72, 512, padding_idx=1)
    (embed_positions): SinusoidalPositionalEmbedding()
    (layers): ModuleList(
      (0): TransformerEncoderLayerBase(
        (self_attn): MultiheadAttention(
          (dropout_module): FairseqDropout()
          (k_proj): Linear(in_features=512, out_features=512, bias=True)
          (v_proj): Linear(in_features=512, out_features=512, bias=True)
          (q_proj): Linear(in_features=512, out_features=512, bias=True)
          (out_proj): Linear(in_features=512, out_features=512, bias=True)
        )
        (self_attn_layer_norm): LayerNorm((512,), eps=1e-05, elementwise_affine=True)
        (dropout_module): FairseqDropout()
        (activation_dropout_module): FairseqDropout()
        (fc1): Linear(in_features=512, out_features=2048, bias=True)
        (fc2): Linear(in_features=2048, out_features=512, bias=True)
        (final_layer_norm): LayerNorm((512,), eps=1e-05, elementwise_affine=True)
      )
      (1): TransformerEncoderLayerBase(
        (self_attn): MultiheadAttention(
          (dropout_module): FairseqDropout()
          (k_proj): Linear(in_features=512, out_features=512, bias=True)
          (v_proj): Linear(in_features=512, out_features=512, bias=True)
          (q_proj): Linear(in_features=512, out_features=512, bias=True)
          (out_proj): Linear(in_features=512, out_features=512, bias=True)
        )
        (self_attn_layer_norm): LayerNorm((512,), eps=1e-05, elementwise_affine=True)
        (dropout_module): FairseqDropout()
        (activation_dropout_module): FairseqDropout()
        (fc1): Linear(in_features=512, out_features=2048, bias=True)
        (fc2): Linear(in_features=2048, out_features=512, bias=True)
        (final_layer_norm): LayerNorm((512,), eps=1e-05, elementwise_affine=True)
      )
      (2): TransformerEncoderLayerBase(
        (self_attn): MultiheadAttention(
          (dropout_module): FairseqDropout()
          (k_proj): Linear(in_features=512, out_features=512, bias=True)
          (v_proj): Linear(in_features=512, out_features=512, bias=True)
          (q_proj): Linear(in_features=512, out_features=512, bias=True)
          (out_proj): Linear(in_features=512, out_features=512, bias=True)
        )
        (self_attn_layer_norm): LayerNorm((512,), eps=1e-05, elementwise_affine=True)
        (dropout_module): FairseqDropout()
        (activation_dropout_module): FairseqDropout()
        (fc1): Linear(in_features=512, out_features=2048, bias=True)
        (fc2): Linear(in_features=2048, out_features=512, bias=True)
        (final_layer_norm): LayerNorm((512,), eps=1e-05, elementwise_affine=True)
      )
      (3): TransformerEncoderLayerBase(
        (self_attn): MultiheadAttention(
          (dropout_module): FairseqDropout()
          (k_proj): Linear(in_features=512, out_features=512, bias=True)
          (v_proj): Linear(in_features=512, out_features=512, bias=True)
          (q_proj): Linear(in_features=512, out_features=512, bias=True)
          (out_proj): Linear(in_features=512, out_features=512, bias=True)
        )
        (self_attn_layer_norm): LayerNorm((512,), eps=1e-05, elementwise_affine=True)
        (dropout_module): FairseqDropout()
        (activation_dropout_module): FairseqDropout()
        (fc1): Linear(in_features=512, out_features=2048, bias=True)
        (fc2): Linear(in_features=2048, out_features=512, bias=True)
        (final_layer_norm): LayerNorm((512,), eps=1e-05, elementwise_affine=True)
      )
      (4): TransformerEncoderLayerBase(
        (self_attn): MultiheadAttention(
          (dropout_module): FairseqDropout()
          (k_proj): Linear(in_features=512, out_features=512, bias=True)
          (v_proj): Linear(in_features=512, out_features=512, bias=True)
          (q_proj): Linear(in_features=512, out_features=512, bias=True)
          (out_proj): Linear(in_features=512, out_features=512, bias=True)
        )
        (self_attn_layer_norm): LayerNorm((512,), eps=1e-05, elementwise_affine=True)
        (dropout_module): FairseqDropout()
        (activation_dropout_module): FairseqDropout()
        (fc1): Linear(in_features=512, out_features=2048, bias=True)
        (fc2): Linear(in_features=2048, out_features=512, bias=True)
        (final_layer_norm): LayerNorm((512,), eps=1e-05, elementwise_affine=True)
      )
      (5): TransformerEncoderLayerBase(
        (self_attn): MultiheadAttention(
          (dropout_module): FairseqDropout()
          (k_proj): Linear(in_features=512, out_features=512, bias=True)
          (v_proj): Linear(in_features=512, out_features=512, bias=True)
          (q_proj): Linear(in_features=512, out_features=512, bias=True)
          (out_proj): Linear(in_features=512, out_features=512, bias=True)
        )
        (self_attn_layer_norm): LayerNorm((512,), eps=1e-05, elementwise_affine=True)
        (dropout_module): FairseqDropout()
        (activation_dropout_module): FairseqDropout()
        (fc1): Linear(in_features=512, out_features=2048, bias=True)
        (fc2): Linear(in_features=2048, out_features=512, bias=True)
        (final_layer_norm): LayerNorm((512,), eps=1e-05, elementwise_affine=True)
      )
    )
  )
  (decoder): TransformerDecoderBase(
    (dropout_module): FairseqDropout()
    (embed_tokens): Embedding(208, 512, padding_idx=1)
    (embed_positions): SinusoidalPositionalEmbedding()
    (layers): ModuleList(
      (0): TransformerDecoderLayerBase(
        (dropout_module): FairseqDropout()
        (self_attn): MultiheadAttention(
          (dropout_module): FairseqDropout()
          (k_proj): Linear(in_features=512, out_features=512, bias=True)
          (v_proj): Linear(in_features=512, out_features=512, bias=True)
          (q_proj): Linear(in_features=512, out_features=512, bias=True)
          (out_proj): Linear(in_features=512, out_features=512, bias=True)
        )
        (activation_dropout_module): FairseqDropout()
        (self_attn_layer_norm): LayerNorm((512,), eps=1e-05, elementwise_affine=True)
        (encoder_attn): MultiheadAttention(
          (dropout_module): FairseqDropout()
          (k_proj): Linear(in_features=512, out_features=512, bias=True)
          (v_proj): Linear(in_features=512, out_features=512, bias=True)
          (q_proj): Linear(in_features=512, out_features=512, bias=True)
          (out_proj): Linear(in_features=512, out_features=512, bias=True)
        )
        (encoder_attn_layer_norm): LayerNorm((512,), eps=1e-05, elementwise_affine=True)
        (fc1): Linear(in_features=512, out_features=2048, bias=True)
        (fc2): Linear(in_features=2048, out_features=512, bias=True)
        (final_layer_norm): LayerNorm((512,), eps=1e-05, elementwise_affine=True)
      )
      (1): TransformerDecoderLayerBase(
        (dropout_module): FairseqDropout()
        (self_attn): MultiheadAttention(
          (dropout_module): FairseqDropout()
          (k_proj): Linear(in_features=512, out_features=512, bias=True)
          (v_proj): Linear(in_features=512, out_features=512, bias=True)
          (q_proj): Linear(in_features=512, out_features=512, bias=True)
          (out_proj): Linear(in_features=512, out_features=512, bias=True)
        )
        (activation_dropout_module): FairseqDropout()
        (self_attn_layer_norm): LayerNorm((512,), eps=1e-05, elementwise_affine=True)
        (encoder_attn): MultiheadAttention(
          (dropout_module): FairseqDropout()
          (k_proj): Linear(in_features=512, out_features=512, bias=True)
          (v_proj): Linear(in_features=512, out_features=512, bias=True)
          (q_proj): Linear(in_features=512, out_features=512, bias=True)
          (out_proj): Linear(in_features=512, out_features=512, bias=True)
        )
        (encoder_attn_layer_norm): LayerNorm((512,), eps=1e-05, elementwise_affine=True)
        (fc1): Linear(in_features=512, out_features=2048, bias=True)
        (fc2): Linear(in_features=2048, out_features=512, bias=True)
        (final_layer_norm): LayerNorm((512,), eps=1e-05, elementwise_affine=True)
      )
      (2): TransformerDecoderLayerBase(
        (dropout_module): FairseqDropout()
        (self_attn): MultiheadAttention(
          (dropout_module): FairseqDropout()
          (k_proj): Linear(in_features=512, out_features=512, bias=True)
          (v_proj): Linear(in_features=512, out_features=512, bias=True)
          (q_proj): Linear(in_features=512, out_features=512, bias=True)
          (out_proj): Linear(in_features=512, out_features=512, bias=True)
        )
        (activation_dropout_module): FairseqDropout()
        (self_attn_layer_norm): LayerNorm((512,), eps=1e-05, elementwise_affine=True)
        (encoder_attn): MultiheadAttention(
          (dropout_module): FairseqDropout()
          (k_proj): Linear(in_features=512, out_features=512, bias=True)
          (v_proj): Linear(in_features=512, out_features=512, bias=True)
          (q_proj): Linear(in_features=512, out_features=512, bias=True)
          (out_proj): Linear(in_features=512, out_features=512, bias=True)
        )
        (encoder_attn_layer_norm): LayerNorm((512,), eps=1e-05, elementwise_affine=True)
        (fc1): Linear(in_features=512, out_features=2048, bias=True)
        (fc2): Linear(in_features=2048, out_features=512, bias=True)
        (final_layer_norm): LayerNorm((512,), eps=1e-05, elementwise_affine=True)
      )
      (3): TransformerDecoderLayerBase(
        (dropout_module): FairseqDropout()
        (self_attn): MultiheadAttention(
          (dropout_module): FairseqDropout()
          (k_proj): Linear(in_features=512, out_features=512, bias=True)
          (v_proj): Linear(in_features=512, out_features=512, bias=True)
          (q_proj): Linear(in_features=512, out_features=512, bias=True)
          (out_proj): Linear(in_features=512, out_features=512, bias=True)
        )
        (activation_dropout_module): FairseqDropout()
        (self_attn_layer_norm): LayerNorm((512,), eps=1e-05, elementwise_affine=True)
        (encoder_attn): MultiheadAttention(
          (dropout_module): FairseqDropout()
          (k_proj): Linear(in_features=512, out_features=512, bias=True)
          (v_proj): Linear(in_features=512, out_features=512, bias=True)
          (q_proj): Linear(in_features=512, out_features=512, bias=True)
          (out_proj): Linear(in_features=512, out_features=512, bias=True)
        )
        (encoder_attn_layer_norm): LayerNorm((512,), eps=1e-05, elementwise_affine=True)
        (fc1): Linear(in_features=512, out_features=2048, bias=True)
        (fc2): Linear(in_features=2048, out_features=512, bias=True)
        (final_layer_norm): LayerNorm((512,), eps=1e-05, elementwise_affine=True)
      )
      (4): TransformerDecoderLayerBase(
        (dropout_module): FairseqDropout()
        (self_attn): MultiheadAttention(
          (dropout_module): FairseqDropout()
          (k_proj): Linear(in_features=512, out_features=512, bias=True)
          (v_proj): Linear(in_features=512, out_features=512, bias=True)
          (q_proj): Linear(in_features=512, out_features=512, bias=True)
          (out_proj): Linear(in_features=512, out_features=512, bias=True)
        )
        (activation_dropout_module): FairseqDropout()
        (self_attn_layer_norm): LayerNorm((512,), eps=1e-05, elementwise_affine=True)
        (encoder_attn): MultiheadAttention(
          (dropout_module): FairseqDropout()
          (k_proj): Linear(in_features=512, out_features=512, bias=True)
          (v_proj): Linear(in_features=512, out_features=512, bias=True)
          (q_proj): Linear(in_features=512, out_features=512, bias=True)
          (out_proj): Linear(in_features=512, out_features=512, bias=True)
        )
        (encoder_attn_layer_norm): LayerNorm((512,), eps=1e-05, elementwise_affine=True)
        (fc1): Linear(in_features=512, out_features=2048, bias=True)
        (fc2): Linear(in_features=2048, out_features=512, bias=True)
        (final_layer_norm): LayerNorm((512,), eps=1e-05, elementwise_affine=True)
      )
      (5): TransformerDecoderLayerBase(
        (dropout_module): FairseqDropout()
        (self_attn): MultiheadAttention(
          (dropout_module): FairseqDropout()
          (k_proj): Linear(in_features=512, out_features=512, bias=True)
          (v_proj): Linear(in_features=512, out_features=512, bias=True)
          (q_proj): Linear(in_features=512, out_features=512, bias=True)
          (out_proj): Linear(in_features=512, out_features=512, bias=True)
        )
        (activation_dropout_module): FairseqDropout()
        (self_attn_layer_norm): LayerNorm((512,), eps=1e-05, elementwise_affine=True)
        (encoder_attn): MultiheadAttention(
          (dropout_module): FairseqDropout()
          (k_proj): Linear(in_features=512, out_features=512, bias=True)
          (v_proj): Linear(in_features=512, out_features=512, bias=True)
          (q_proj): Linear(in_features=512, out_features=512, bias=True)
          (out_proj): Linear(in_features=512, out_features=512, bias=True)
        )
        (encoder_attn_layer_norm): LayerNorm((512,), eps=1e-05, elementwise_affine=True)
        (fc1): Linear(in_features=512, out_features=2048, bias=True)
        (fc2): Linear(in_features=2048, out_features=512, bias=True)
        (final_layer_norm): LayerNorm((512,), eps=1e-05, elementwise_affine=True)
      )
    )
    (output_projection): Linear(in_features=512, out_features=208, bias=False)
  )
)
task: TranslationTask
model: TransformerModel
criterion: LabelSmoothedCrossEntropyCriterion
num. shared model params: 44,281,856 (num. trained: 44,281,856)
num. expert model params: 0 (num. trained: 0)
training on 4 devices (GPUs/TPUs)
max tokens per device = 8192 and max sentences per device = None
Start iterating over samples
{"epoch": 6, "update": 5.058, "loss": "3.64", "nll_loss": "2.861", "ppl": "7.26", "wps": "184544", "ups": "7.93", "wpb": "23217.2", "bsz": "98.1", "num_updates": "1400", "lr": "3.5e-05", "gnorm": "0.72", "loss_scale": "64", "train_wall": "3", "gb_free": "28.6", "wall": "10"}
{"epoch": 6, "update": 5.419, "loss": "3.62", "nll_loss": "2.837", "ppl": "7.14", "wps": "198345", "ups": "8.66", "wpb": "22911.2", "bsz": "93.9", "num_updates": "1500", "lr": "3.75e-05", "gnorm": "0.731", "loss_scale": "64", "train_wall": "11", "gb_free": "29.3", "wall": "22"}
{"epoch": 6, "update": 5.78, "loss": "3.6", "nll_loss": "2.812", "ppl": "7.02", "wps": "204684", "ups": "8.64", "wpb": "23680.3", "bsz": "99.8", "num_updates": "1600", "lr": "4e-05", "gnorm": "0.721", "loss_scale": "64", "train_wall": "11", "gb_free": "28.9", "wall": "33"}
end of epoch 6 (average epoch stats below)
{"epoch": 6, "train_loss": "3.603", "train_nll_loss": "2.816", "train_ppl": "7.04", "train_wps": "193953", "train_ups": "8.37", "train_wpb": "23169", "train_bsz": "95.4", "train_num_updates": "1661", "train_lr": "4.1525e-05", "train_gnorm": "0.731", "train_loss_scale": "64", "train_train_wall": "32", "train_gb_free": "29.2", "train_wall": "41"}
Start iterating over samples
{"epoch": 7, "update": 6.141, "loss": "3.555", "nll_loss": "2.758", "ppl": "6.76", "wps": "133456", "ups": "5.78", "wpb": "23086.6", "bsz": "93", "num_updates": "1700", "lr": "4.25e-05", "gnorm": "0.758", "loss_scale": "64", "train_wall": "11", "gb_free": "28.8", "wall": "50"}
{"epoch": 7, "update": 6.141, "loss": "3.555", "nll_loss": "2.758", "ppl": "6.76", "wps": "133456", "ups": "5.78", "wpb": "23086.6", "bsz": "93", "num_updates": "1700", "lr": "4.25e-05", "gnorm": "0.758", "loss_scale": "64", "train_wall": "11", "gb_free": "28.8", "wall": "50"}
{"epoch": 7, "update": 6.502, "loss": "3.533", "nll_loss": "2.732", "ppl": "6.64", "wps": "200669", "ups": "8.69", "wpb": "23081.7", "bsz": "95.8", "num_updates": "1800", "lr": "4.5e-05", "gnorm": "0.719", "loss_scale": "64", "train_wall": "11", "gb_free": "28.5", "wall": "62"}
{"epoch": 7, "update": 6.502, "loss": "3.533", "nll_loss": "2.732", "ppl": "6.64", "wps": "200669", "ups": "8.69", "wpb": "23081.7", "bsz": "95.8", "num_updates": "1800", "lr": "4.5e-05", "gnorm": "0.719", "loss_scale": "64", "train_wall": "11", "gb_free": "28.5", "wall": "62"}
{"epoch": 7, "update": 6.863, "loss": "3.508", "nll_loss": "2.701", "ppl": "6.5", "wps": "202533", "ups": "8.74", "wpb": "23175", "bsz": "94.2", "num_updates": "1900", "lr": "4.75e-05", "gnorm": "0.745", "loss_scale": "64", "train_wall": "11", "gb_free": "29.3", "wall": "73"}
{"epoch": 7, "update": 6.863, "loss": "3.508", "nll_loss": "2.701", "ppl": "6.5", "wps": "202533", "ups": "8.74", "wpb": "23175", "bsz": "94.2", "num_updates": "1900", "lr": "4.75e-05", "gnorm": "0.745", "loss_scale": "64", "train_wall": "11", "gb_free": "29.3", "wall": "73"}
end of epoch 7 (average epoch stats below)
{"epoch": 7, "train_loss": "3.518", "train_nll_loss": "2.714", "train_ppl": "6.56", "train_wps": "170384", "train_ups": "7.35", "train_wpb": "23169", "train_bsz": "95.4", "train_num_updates": "1938", "train_lr": "4.845e-05", "train_gnorm": "0.734", "train_loss_scale": "64", "train_train_wall": "31", "train_gb_free": "29.1", "train_wall": "79"}
{"epoch": 7, "train_loss": "3.518", "train_nll_loss": "2.714", "train_ppl": "6.56", "train_wps": "170384", "train_ups": "7.35", "train_wpb": "23169", "train_bsz": "95.4", "train_num_updates": "1938", "train_lr": "4.845e-05", "train_gnorm": "0.734", "train_loss_scale": "64", "train_train_wall": "31", "train_gb_free": "29.1", "train_wall": "79"}
Start iterating over samples
{"epoch": 8, "update": 7.224, "loss": "3.479", "nll_loss": "2.667", "ppl": "6.35", "wps": "134602", "ups": "5.83", "wpb": "23082.8", "bsz": "94", "num_updates": "2000", "lr": "5e-05", "gnorm": "0.707", "loss_scale": "64", "train_wall": "11", "gb_free": "29", "wall": "91"}
{"epoch": 8, "update": 7.224, "loss": "3.479", "nll_loss": "2.667", "ppl": "6.35", "wps": "134602", "ups": "5.83", "wpb": "23082.8", "bsz": "94", "num_updates": "2000", "lr": "5e-05", "gnorm": "0.707", "loss_scale": "64", "train_wall": "11", "gb_free": "29", "wall": "91"}
{"epoch": 8, "update": 7.224, "loss": "3.479", "nll_loss": "2.667", "ppl": "6.35", "wps": "134602", "ups": "5.83", "wpb": "23082.8", "bsz": "94", "num_updates": "2000", "lr": "5e-05", "gnorm": "0.707", "loss_scale": "64", "train_wall": "11", "gb_free": "29", "wall": "91"}
{"epoch": 8, "update": 7.585, "loss": "3.462", "nll_loss": "2.646", "ppl": "6.26", "wps": "205536", "ups": "8.78", "wpb": "23414", "bsz": "101.1", "num_updates": "2100", "lr": "5.25e-05", "gnorm": "0.739", "loss_scale": "64", "train_wall": "11", "gb_free": "29.1", "wall": "102"}
{"epoch": 8, "update": 7.585, "loss": "3.462", "nll_loss": "2.646", "ppl": "6.26", "wps": "205536", "ups": "8.78", "wpb": "23414", "bsz": "101.1", "num_updates": "2100", "lr": "5.25e-05", "gnorm": "0.739", "loss_scale": "64", "train_wall": "11", "gb_free": "29.1", "wall": "102"}
{"epoch": 8, "update": 7.585, "loss": "3.462", "nll_loss": "2.646", "ppl": "6.26", "wps": "205536", "ups": "8.78", "wpb": "23414", "bsz": "101.1", "num_updates": "2100", "lr": "5.25e-05", "gnorm": "0.739", "loss_scale": "64", "train_wall": "11", "gb_free": "29.1", "wall": "102"}
{"epoch": 8, "update": 7.946, "loss": "3.438", "nll_loss": "2.619", "ppl": "6.14", "wps": "200724", "ups": "8.71", "wpb": "23040.8", "bsz": "91.7", "num_updates": "2200", "lr": "5.5e-05", "gnorm": "0.685", "loss_scale": "64", "train_wall": "11", "gb_free": "29.1", "wall": "113"}
{"epoch": 8, "update": 7.946, "loss": "3.438", "nll_loss": "2.619", "ppl": "6.14", "wps": "200724", "ups": "8.71", "wpb": "23040.8", "bsz": "91.7", "num_updates": "2200", "lr": "5.5e-05", "gnorm": "0.685", "loss_scale": "64", "train_wall": "11", "gb_free": "29.1", "wall": "113"}
{"epoch": 8, "update": 7.946, "loss": "3.438", "nll_loss": "2.619", "ppl": "6.14", "wps": "200724", "ups": "8.71", "wpb": "23040.8", "bsz": "91.7", "num_updates": "2200", "lr": "5.5e-05", "gnorm": "0.685", "loss_scale": "64", "train_wall": "11", "gb_free": "29.1", "wall": "113"}
end of epoch 8 (average epoch stats below)
{"epoch": 8, "train_loss": "3.453", "train_nll_loss": "2.636", "train_ppl": "6.22", "train_wps": "172129", "train_ups": "7.43", "train_wpb": "23169", "train_bsz": "95.4", "train_num_updates": "2215", "train_lr": "5.5375e-05", "train_gnorm": "0.712", "train_loss_scale": "64", "train_train_wall": "31", "train_gb_free": "28.8", "train_wall": "116"}
{"epoch": 8, "train_loss": "3.453", "train_nll_loss": "2.636", "train_ppl": "6.22", "train_wps": "172129", "train_ups": "7.43", "train_wpb": "23169", "train_bsz": "95.4", "train_num_updates": "2215", "train_lr": "5.5375e-05", "train_gnorm": "0.712", "train_loss_scale": "64", "train_train_wall": "31", "train_gb_free": "28.8", "train_wall": "116"}
{"epoch": 8, "train_loss": "3.453", "train_nll_loss": "2.636", "train_ppl": "6.22", "train_wps": "172129", "train_ups": "7.43", "train_wpb": "23169", "train_bsz": "95.4", "train_num_updates": "2215", "train_lr": "5.5375e-05", "train_gnorm": "0.712", "train_loss_scale": "64", "train_train_wall": "31", "train_gb_free": "28.8", "train_wall": "116"}
Start iterating over samples
{"epoch": 9, "update": 8.307, "loss": "3.415", "nll_loss": "2.592", "ppl": "6.03", "wps": "134828", "ups": "5.87", "wpb": "22959.2", "bsz": "93.5", "num_updates": "2300", "lr": "5.75e-05", "gnorm": "0.71", "loss_scale": "64", "train_wall": "11", "gb_free": "29.2", "wall": "130"}
{"epoch": 9, "update": 8.307, "loss": "3.415", "nll_loss": "2.592", "ppl": "6.03", "wps": "134828", "ups": "5.87", "wpb": "22959.2", "bsz": "93.5", "num_updates": "2300", "lr": "5.75e-05", "gnorm": "0.71", "loss_scale": "64", "train_wall": "11", "gb_free": "29.2", "wall": "130"}
{"epoch": 9, "update": 8.307, "loss": "3.415", "nll_loss": "2.592", "ppl": "6.03", "wps": "134828", "ups": "5.87", "wpb": "22959.2", "bsz": "93.5", "num_updates": "2300", "lr": "5.75e-05", "gnorm": "0.71", "loss_scale": "64", "train_wall": "11", "gb_free": "29.2", "wall": "130"}
{"epoch": 9, "update": 8.307, "loss": "3.415", "nll_loss": "2.592", "ppl": "6.03", "wps": "134828", "ups": "5.87", "wpb": "22959.2", "bsz": "93.5", "num_updates": "2300", "lr": "5.75e-05", "gnorm": "0.71", "loss_scale": "64", "train_wall": "11", "gb_free": "29.2", "wall": "130"}
{"epoch": 9, "update": 8.668, "loss": "3.401", "nll_loss": "2.576", "ppl": "5.96", "wps": "200454", "ups": "8.65", "wpb": "23181.7", "bsz": "96.3", "num_updates": "2400", "lr": "6e-05", "gnorm": "0.694", "loss_scale": "64", "train_wall": "11", "gb_free": "29.4", "wall": "142"}
{"epoch": 9, "update": 8.668, "loss": "3.401", "nll_loss": "2.576", "ppl": "5.96", "wps": "200454", "ups": "8.65", "wpb": "23181.7", "bsz": "96.3", "num_updates": "2400", "lr": "6e-05", "gnorm": "0.694", "loss_scale": "64", "train_wall": "11", "gb_free": "29.4", "wall": "142"}
{"epoch": 9, "update": 8.668, "loss": "3.401", "nll_loss": "2.576", "ppl": "5.96", "wps": "200454", "ups": "8.65", "wpb": "23181.7", "bsz": "96.3", "num_updates": "2400", "lr": "6e-05", "gnorm": "0.694", "loss_scale": "64", "train_wall": "11", "gb_free": "29.4", "wall": "142"}
{"epoch": 9, "update": 8.668, "loss": "3.401", "nll_loss": "2.576", "ppl": "5.96", "wps": "200454", "ups": "8.65", "wpb": "23181.7", "bsz": "96.3", "num_updates": "2400", "lr": "6e-05", "gnorm": "0.694", "loss_scale": "64", "train_wall": "11", "gb_free": "29.4", "wall": "142"}
end of epoch 9 (average epoch stats below)
{"epoch": 9, "train_loss": "3.401", "train_nll_loss": "2.576", "train_ppl": "5.96", "train_wps": "171408", "train_ups": "7.4", "train_wpb": "23169", "train_bsz": "95.4", "train_num_updates": "2492", "train_lr": "6.23e-05", "train_gnorm": "0.696", "train_loss_scale": "64", "train_train_wall": "31", "train_gb_free": "29", "train_wall": "153"}
{"epoch": 9, "train_loss": "3.401", "train_nll_loss": "2.576", "train_ppl": "5.96", "train_wps": "171408", "train_ups": "7.4", "train_wpb": "23169", "train_bsz": "95.4", "train_num_updates": "2492", "train_lr": "6.23e-05", "train_gnorm": "0.696", "train_loss_scale": "64", "train_train_wall": "31", "train_gb_free": "29", "train_wall": "153"}
{"epoch": 9, "train_loss": "3.401", "train_nll_loss": "2.576", "train_ppl": "5.96", "train_wps": "171408", "train_ups": "7.4", "train_wpb": "23169", "train_bsz": "95.4", "train_num_updates": "2492", "train_lr": "6.23e-05", "train_gnorm": "0.696", "train_loss_scale": "64", "train_train_wall": "31", "train_gb_free": "29", "train_wall": "153"}
{"epoch": 9, "train_loss": "3.401", "train_nll_loss": "2.576", "train_ppl": "5.96", "train_wps": "171408", "train_ups": "7.4", "train_wpb": "23169", "train_bsz": "95.4", "train_num_updates": "2492", "train_lr": "6.23e-05", "train_gnorm": "0.696", "train_loss_scale": "64", "train_train_wall": "31", "train_gb_free": "29", "train_wall": "153"}
Start iterating over samples
{"epoch": 10, "update": 9.029, "loss": "3.385", "nll_loss": "2.558", "ppl": "5.89", "wps": "136729", "ups": "5.86", "wpb": "23325.8", "bsz": "97.8", "num_updates": "2500", "lr": "6.25e-05", "gnorm": "0.69", "loss_scale": "64", "train_wall": "11", "gb_free": "29.2", "wall": "159"}
{"epoch": 10, "update": 9.029, "loss": "3.385", "nll_loss": "2.558", "ppl": "5.89", "wps": "136729", "ups": "5.86", "wpb": "23325.8", "bsz": "97.8", "num_updates": "2500", "lr": "6.25e-05", "gnorm": "0.69", "loss_scale": "64", "train_wall": "11", "gb_free": "29.2", "wall": "159"}
{"epoch": 10, "update": 9.029, "loss": "3.385", "nll_loss": "2.558", "ppl": "5.89", "wps": "136729", "ups": "5.86", "wpb": "23325.8", "bsz": "97.8", "num_updates": "2500", "lr": "6.25e-05", "gnorm": "0.69", "loss_scale": "64", "train_wall": "11", "gb_free": "29.2", "wall": "159"}
{"epoch": 10, "update": 9.029, "loss": "3.385", "nll_loss": "2.558", "ppl": "5.89", "wps": "136729", "ups": "5.86", "wpb": "23325.8", "bsz": "97.8", "num_updates": "2500", "lr": "6.25e-05", "gnorm": "0.69", "loss_scale": "64", "train_wall": "11", "gb_free": "29.2", "wall": "159"}
{"epoch": 10, "update": 9.029, "loss": "3.385", "nll_loss": "2.558", "ppl": "5.89", "wps": "136729", "ups": "5.86", "wpb": "23325.8", "bsz": "97.8", "num_updates": "2500", "lr": "6.25e-05", "gnorm": "0.69", "loss_scale": "64", "train_wall": "11", "gb_free": "29.2", "wall": "159"}
{"epoch": 10, "update": 9.39, "loss": "3.374", "nll_loss": "2.546", "ppl": "5.84", "wps": "201852", "ups": "8.66", "wpb": "23303.2", "bsz": "92.8", "num_updates": "2600", "lr": "6.5e-05", "gnorm": "0.718", "loss_scale": "64", "train_wall": "11", "gb_free": "29.2", "wall": "171"}
{"epoch": 10, "update": 9.39, "loss": "3.374", "nll_loss": "2.546", "ppl": "5.84", "wps": "201852", "ups": "8.66", "wpb": "23303.2", "bsz": "92.8", "num_updates": "2600", "lr": "6.5e-05", "gnorm": "0.718", "loss_scale": "64", "train_wall": "11", "gb_free": "29.2", "wall": "171"}
{"epoch": 10, "update": 9.39, "loss": "3.374", "nll_loss": "2.546", "ppl": "5.84", "wps": "201852", "ups": "8.66", "wpb": "23303.2", "bsz": "92.8", "num_updates": "2600", "lr": "6.5e-05", "gnorm": "0.718", "loss_scale": "64", "train_wall": "11", "gb_free": "29.2", "wall": "171"}
{"epoch": 10, "update": 9.39, "loss": "3.374", "nll_loss": "2.546", "ppl": "5.84", "wps": "201852", "ups": "8.66", "wpb": "23303.2", "bsz": "92.8", "num_updates": "2600", "lr": "6.5e-05", "gnorm": "0.718", "loss_scale": "64", "train_wall": "11", "gb_free": "29.2", "wall": "171"}
{"epoch": 10, "update": 9.39, "loss": "3.374", "nll_loss": "2.546", "ppl": "5.84", "wps": "201852", "ups": "8.66", "wpb": "23303.2", "bsz": "92.8", "num_updates": "2600", "lr": "6.5e-05", "gnorm": "0.718", "loss_scale": "64", "train_wall": "11", "gb_free": "29.2", "wall": "171"}
{"epoch": 10, "update": 9.751, "loss": "3.353", "nll_loss": "2.521", "ppl": "5.74", "wps": "199356", "ups": "8.72", "wpb": "22865.5", "bsz": "93.8", "num_updates": "2700", "lr": "6.75e-05", "gnorm": "0.695", "loss_scale": "64", "train_wall": "11", "gb_free": "29", "wall": "182"}
{"epoch": 10, "update": 9.751, "loss": "3.353", "nll_loss": "2.521", "ppl": "5.74", "wps": "199356", "ups": "8.72", "wpb": "22865.5", "bsz": "93.8", "num_updates": "2700", "lr": "6.75e-05", "gnorm": "0.695", "loss_scale": "64", "train_wall": "11", "gb_free": "29", "wall": "182"}
{"epoch": 10, "update": 9.751, "loss": "3.353", "nll_loss": "2.521", "ppl": "5.74", "wps": "199356", "ups": "8.72", "wpb": "22865.5", "bsz": "93.8", "num_updates": "2700", "lr": "6.75e-05", "gnorm": "0.695", "loss_scale": "64", "train_wall": "11", "gb_free": "29", "wall": "182"}
{"epoch": 10, "update": 9.751, "loss": "3.353", "nll_loss": "2.521", "ppl": "5.74", "wps": "199356", "ups": "8.72", "wpb": "22865.5", "bsz": "93.8", "num_updates": "2700", "lr": "6.75e-05", "gnorm": "0.695", "loss_scale": "64", "train_wall": "11", "gb_free": "29", "wall": "182"}
{"epoch": 10, "update": 9.751, "loss": "3.353", "nll_loss": "2.521", "ppl": "5.74", "wps": "199356", "ups": "8.72", "wpb": "22865.5", "bsz": "93.8", "num_updates": "2700", "lr": "6.75e-05", "gnorm": "0.695", "loss_scale": "64", "train_wall": "11", "gb_free": "29", "wall": "182"}
end of epoch 10 (average epoch stats below)
{"epoch": 10, "train_loss": "3.36", "train_nll_loss": "2.529", "train_ppl": "5.77", "train_wps": "171021", "train_ups": "7.38", "train_wpb": "23169", "train_bsz": "95.4", "train_num_updates": "2769", "train_lr": "6.9225e-05", "train_gnorm": "0.697", "train_loss_scale": "64", "train_train_wall": "31", "train_gb_free": "29.2", "train_wall": "191"}
{"epoch": 10, "train_loss": "3.36", "train_nll_loss": "2.529", "train_ppl": "5.77", "train_wps": "171021", "train_ups": "7.38", "train_wpb": "23169", "train_bsz": "95.4", "train_num_updates": "2769", "train_lr": "6.9225e-05", "train_gnorm": "0.697", "train_loss_scale": "64", "train_train_wall": "31", "train_gb_free": "29.2", "train_wall": "191"}
{"epoch": 10, "train_loss": "3.36", "train_nll_loss": "2.529", "train_ppl": "5.77", "train_wps": "171021", "train_ups": "7.38", "train_wpb": "23169", "train_bsz": "95.4", "train_num_updates": "2769", "train_lr": "6.9225e-05", "train_gnorm": "0.697", "train_loss_scale": "64", "train_train_wall": "31", "train_gb_free": "29.2", "train_wall": "191"}
{"epoch": 10, "train_loss": "3.36", "train_nll_loss": "2.529", "train_ppl": "5.77", "train_wps": "171021", "train_ups": "7.38", "train_wpb": "23169", "train_bsz": "95.4", "train_num_updates": "2769", "train_lr": "6.9225e-05", "train_gnorm": "0.697", "train_loss_scale": "64", "train_train_wall": "31", "train_gb_free": "29.2", "train_wall": "191"}
{"epoch": 10, "train_loss": "3.36", "train_nll_loss": "2.529", "train_ppl": "5.77", "train_wps": "171021", "train_ups": "7.38", "train_wpb": "23169", "train_bsz": "95.4", "train_num_updates": "2769", "train_lr": "6.9225e-05", "train_gnorm": "0.697", "train_loss_scale": "64", "train_train_wall": "31", "train_gb_free": "29.2", "train_wall": "191"}
done training in 188.8 seconds
